{"/var/www/html/spec/addArguments/addArguments.spec.js":{"path":"/var/www/html/spec/addArguments/addArguments.spec.js","s":{"1":1,"2":1,"3":1,"4":1,"5":1,"6":1,"7":1,"8":1,"9":1,"10":1,"11":1,"12":1},"b":{},"f":{"1":1,"2":1,"3":1,"4":1},"fnMap":{"1":{"name":"(anonymous_1)","line":12,"loc":{"start":{"line":12,"column":16},"end":{"line":12,"column":28}}},"2":{"name":"(anonymous_2)","line":33,"loc":{"start":{"line":33,"column":27},"end":{"line":33,"column":39}}},"3":{"name":"(anonymous_3)","line":35,"loc":{"start":{"line":35,"column":10},"end":{"line":35,"column":22}}},"4":{"name":"(anonymous_4)","line":39,"loc":{"start":{"line":39,"column":12},"end":{"line":39,"column":30}}}},"statementMap":{"1":{"start":{"line":1,"column":0},"end":{"line":1,"column":64}},"2":{"start":{"line":3,"column":0},"end":{"line":3,"column":39}},"3":{"start":{"line":4,"column":0},"end":{"line":4,"column":80}},"4":{"start":{"line":5,"column":0},"end":{"line":5,"column":31}},"5":{"start":{"line":12,"column":0},"end":{"line":55,"column":2}},"6":{"start":{"line":33,"column":2},"end":{"line":54,"column":6}},"7":{"start":{"line":34,"column":4},"end":{"line":53,"column":8}},"8":{"start":{"line":38,"column":6},"end":{"line":52,"column":10}},"9":{"start":{"line":44,"column":8},"end":{"line":44,"column":49}},"10":{"start":{"line":45,"column":8},"end":{"line":45,"column":74}},"11":{"start":{"line":46,"column":8},"end":{"line":46,"column":110}},"12":{"start":{"line":50,"column":14},"end":{"line":50,"column":129}}},"branchMap":{}},"/var/www/html/split/topicPostUtilities.js":{"path":"/var/www/html/split/topicPostUtilities.js","s":{"1":1,"2":1,"3":1},"b":{},"f":{"1":1},"fnMap":{"1":{"name":"(anonymous_1)","line":1,"loc":{"start":{"line":1,"column":18},"end":{"line":1,"column":63}}}},"statementMap":{"1":{"start":{"line":1,"column":0},"end":{"line":5,"column":1}},"2":{"start":{"line":2,"column":2},"end":{"line":4,"column":2}},"3":{"start":{"line":7,"column":0},"end":{"line":7,"column":41}}},"branchMap":{}},"/var/www/html/spec/indexPage/index-page.spec.js":{"path":"/var/www/html/spec/indexPage/index-page.spec.js","s":{"1":1,"2":1,"3":1,"4":1,"5":1,"6":1,"7":1,"8":1,"9":1,"10":1,"11":1,"12":1,"13":1,"14":1,"15":1,"16":1,"17":1,"18":1,"19":1,"20":1,"21":1,"22":1,"23":1,"24":1,"25":1,"26":1,"27":1,"28":1,"29":1},"b":{},"f":{"1":1,"2":1,"3":1,"4":1,"5":1,"6":1,"7":1,"8":1,"9":1,"10":1},"fnMap":{"1":{"name":"(anonymous_1)","line":17,"loc":{"start":{"line":17,"column":32},"end":{"line":17,"column":43}}},"2":{"name":"(anonymous_2)","line":19,"loc":{"start":{"line":19,"column":14},"end":{"line":19,"column":29}}},"3":{"name":"(anonymous_3)","line":25,"loc":{"start":{"line":25,"column":13},"end":{"line":25,"column":28}}},"4":{"name":"(anonymous_4)","line":32,"loc":{"start":{"line":32,"column":43},"end":{"line":32,"column":58}}},"5":{"name":"(anonymous_5)","line":35,"loc":{"start":{"line":35,"column":29},"end":{"line":35,"column":47}}},"6":{"name":"(anonymous_6)","line":38,"loc":{"start":{"line":38,"column":8},"end":{"line":38,"column":20}}},"7":{"name":"(anonymous_7)","line":45,"loc":{"start":{"line":45,"column":8},"end":{"line":45,"column":20}}},"8":{"name":"(anonymous_8)","line":46,"loc":{"start":{"line":46,"column":31},"end":{"line":46,"column":49}}},"9":{"name":"(anonymous_9)","line":60,"loc":{"start":{"line":60,"column":30},"end":{"line":60,"column":41}}},"10":{"name":"(anonymous_10)","line":72,"loc":{"start":{"line":72,"column":46},"end":{"line":72,"column":57}}}},"statementMap":{"1":{"start":{"line":2,"column":0},"end":{"line":2,"column":53}},"2":{"start":{"line":3,"column":0},"end":{"line":3,"column":38}},"3":{"start":{"line":4,"column":0},"end":{"line":4,"column":50}},"4":{"start":{"line":6,"column":0},"end":{"line":6,"column":39}},"5":{"start":{"line":7,"column":0},"end":{"line":7,"column":80}},"6":{"start":{"line":8,"column":0},"end":{"line":8,"column":31}},"7":{"start":{"line":17,"column":0},"end":{"line":54,"column":3}},"8":{"start":{"line":18,"column":2},"end":{"line":18,"column":20}},"9":{"start":{"line":19,"column":3},"end":{"line":24,"column":6}},"10":{"start":{"line":21,"column":5},"end":{"line":23,"column":16}},"11":{"start":{"line":25,"column":3},"end":{"line":30,"column":6}},"12":{"start":{"line":27,"column":5},"end":{"line":29,"column":17}},"13":{"start":{"line":32,"column":2},"end":{"line":53,"column":5}},"14":{"start":{"line":34,"column":2},"end":{"line":34,"column":19}},"15":{"start":{"line":35,"column":2},"end":{"line":52,"column":7}},"16":{"start":{"line":36,"column":4},"end":{"line":36,"column":41}},"17":{"start":{"line":39,"column":4},"end":{"line":51,"column":8}},"18":{"start":{"line":46,"column":4},"end":{"line":49,"column":6}},"19":{"start":{"line":47,"column":6},"end":{"line":47,"column":59}},"20":{"start":{"line":48,"column":6},"end":{"line":48,"column":13}},"21":{"start":{"line":60,"column":0},"end":{"line":79,"column":3}},"22":{"start":{"line":61,"column":2},"end":{"line":61,"column":8}},"23":{"start":{"line":62,"column":2},"end":{"line":62,"column":22}},"24":{"start":{"line":63,"column":2},"end":{"line":63,"column":24}},"25":{"start":{"line":64,"column":2},"end":{"line":70,"column":4}},"26":{"start":{"line":71,"column":2},"end":{"line":71,"column":39}},"27":{"start":{"line":72,"column":2},"end":{"line":78,"column":5}},"28":{"start":{"line":73,"column":4},"end":{"line":73,"column":38}},"29":{"start":{"line":77,"column":4},"end":{"line":77,"column":60}}},"branchMap":{}},"/var/www/html/split/indexPageFunctions.js":{"path":"/var/www/html/split/indexPageFunctions.js","s":{"1":1,"2":2,"3":1,"4":1,"5":1,"6":1,"7":1,"8":1,"9":1},"b":{},"f":{"1":2,"2":1,"3":1},"fnMap":{"1":{"name":"(anonymous_1)","line":4,"loc":{"start":{"line":4,"column":19},"end":{"line":4,"column":37}}},"2":{"name":"(anonymous_2)","line":8,"loc":{"start":{"line":8,"column":25},"end":{"line":8,"column":42}}},"3":{"name":"(anonymous_3)","line":10,"loc":{"start":{"line":10,"column":25},"end":{"line":10,"column":41}}}},"statementMap":{"1":{"start":{"line":4,"column":0},"end":{"line":6,"column":1}},"2":{"start":{"line":5,"column":2},"end":{"line":5,"column":76}},"3":{"start":{"line":8,"column":0},"end":{"line":16,"column":1}},"4":{"start":{"line":9,"column":2},"end":{"line":9,"column":21}},"5":{"start":{"line":10,"column":2},"end":{"line":14,"column":9}},"6":{"start":{"line":11,"column":6},"end":{"line":13,"column":11}},"7":{"start":{"line":15,"column":2},"end":{"line":15,"column":20}},"8":{"start":{"line":18,"column":0},"end":{"line":18,"column":43}},"9":{"start":{"line":19,"column":0},"end":{"line":19,"column":55}}},"branchMap":{}}}