{"/var/www/finaldev/GroupProject/spec/addArguments/addArguments.spec.js":{"path":"/var/www/finaldev/GroupProject/spec/addArguments/addArguments.spec.js","s":{"1":1,"2":1,"3":1,"4":1,"5":1,"6":1,"7":1,"8":1,"9":1,"10":1,"11":1},"b":{},"f":{"1":1,"2":1,"3":1,"4":1},"fnMap":{"1":{"name":"(anonymous_1)","line":15,"loc":{"start":{"line":15,"column":29},"end":{"line":15,"column":41}}},"2":{"name":"(anonymous_2)","line":32,"loc":{"start":{"line":32,"column":27},"end":{"line":32,"column":39}}},"3":{"name":"(anonymous_3)","line":34,"loc":{"start":{"line":34,"column":10},"end":{"line":34,"column":22}}},"4":{"name":"(anonymous_4)","line":38,"loc":{"start":{"line":38,"column":12},"end":{"line":38,"column":30}}}},"statementMap":{"1":{"start":{"line":1,"column":0},"end":{"line":1,"column":64}},"2":{"start":{"line":3,"column":0},"end":{"line":3,"column":39}},"3":{"start":{"line":4,"column":0},"end":{"line":4,"column":80}},"4":{"start":{"line":5,"column":0},"end":{"line":5,"column":31}},"5":{"start":{"line":15,"column":0},"end":{"line":54,"column":2}},"6":{"start":{"line":32,"column":2},"end":{"line":53,"column":6}},"7":{"start":{"line":33,"column":4},"end":{"line":52,"column":8}},"8":{"start":{"line":37,"column":6},"end":{"line":51,"column":10}},"9":{"start":{"line":43,"column":8},"end":{"line":43,"column":49}},"10":{"start":{"line":45,"column":8},"end":{"line":45,"column":110}},"11":{"start":{"line":49,"column":14},"end":{"line":49,"column":129}}},"branchMap":{}},"/var/www/finaldev/GroupProject/split/topicPostUtilities.js":{"path":"/var/www/finaldev/GroupProject/split/topicPostUtilities.js","s":{"1":1,"2":1,"3":1},"b":{},"f":{"1":1},"fnMap":{"1":{"name":"(anonymous_1)","line":1,"loc":{"start":{"line":1,"column":18},"end":{"line":1,"column":63}}}},"statementMap":{"1":{"start":{"line":1,"column":0},"end":{"line":5,"column":1}},"2":{"start":{"line":2,"column":2},"end":{"line":4,"column":2}},"3":{"start":{"line":7,"column":0},"end":{"line":7,"column":41}}},"branchMap":{}},"/var/www/finaldev/GroupProject/spec/addReplies/addReplies.spec.js":{"path":"/var/www/finaldev/GroupProject/spec/addReplies/addReplies.spec.js","s":{"1":1,"2":1,"3":1,"4":1,"5":1,"6":1,"7":1,"8":1,"9":1,"10":1,"11":1,"12":1,"13":0,"14":0,"15":0,"16":0,"17":0,"18":0},"b":{},"f":{"1":1,"2":1,"3":1,"4":1,"5":0,"6":0},"fnMap":{"1":{"name":"(anonymous_1)","line":14,"loc":{"start":{"line":14,"column":29},"end":{"line":14,"column":41}}},"2":{"name":"(anonymous_2)","line":23,"loc":{"start":{"line":23,"column":12},"end":{"line":23,"column":27}}},"3":{"name":"(anonymous_3)","line":31,"loc":{"start":{"line":31,"column":38},"end":{"line":31,"column":50}}},"4":{"name":"(anonymous_4)","line":38,"loc":{"start":{"line":38,"column":10},"end":{"line":38,"column":27}}},"5":{"name":"(anonymous_5)","line":47,"loc":{"start":{"line":47,"column":10},"end":{"line":47,"column":22}}},"6":{"name":"(anonymous_6)","line":53,"loc":{"start":{"line":53,"column":12},"end":{"line":53,"column":30}}}},"statementMap":{"1":{"start":{"line":1,"column":0},"end":{"line":1,"column":69}},"2":{"start":{"line":3,"column":0},"end":{"line":3,"column":39}},"3":{"start":{"line":4,"column":0},"end":{"line":4,"column":80}},"4":{"start":{"line":5,"column":0},"end":{"line":5,"column":31}},"5":{"start":{"line":14,"column":0},"end":{"line":74,"column":2}},"6":{"start":{"line":23,"column":2},"end":{"line":28,"column":5}},"7":{"start":{"line":25,"column":6},"end":{"line":27,"column":17}},"8":{"start":{"line":31,"column":2},"end":{"line":73,"column":6}},"9":{"start":{"line":32,"column":4},"end":{"line":32,"column":26}},"10":{"start":{"line":35,"column":4},"end":{"line":72,"column":6}},"11":{"start":{"line":41,"column":6},"end":{"line":41,"column":68}},"12":{"start":{"line":43,"column":6},"end":{"line":71,"column":8}},"13":{"start":{"line":52,"column":6},"end":{"line":69,"column":10}},"14":{"start":{"line":59,"column":8},"end":{"line":59,"column":42}},"15":{"start":{"line":60,"column":8},"end":{"line":60,"column":49}},"16":{"start":{"line":61,"column":8},"end":{"line":61,"column":74}},"17":{"start":{"line":62,"column":8},"end":{"line":62,"column":111}},"18":{"start":{"line":68,"column":14},"end":{"line":68,"column":21}}},"branchMap":{}},"/var/www/finaldev/GroupProject/split/replyPostUtilities.js":{"path":"/var/www/finaldev/GroupProject/split/replyPostUtilities.js","s":{"1":1,"2":1,"3":1},"b":{},"f":{"1":1},"fnMap":{"1":{"name":"(anonymous_1)","line":1,"loc":{"start":{"line":1,"column":19},"end":{"line":1,"column":83}}}},"statementMap":{"1":{"start":{"line":1,"column":0},"end":{"line":7,"column":1}},"2":{"start":{"line":2,"column":2},"end":{"line":6,"column":2}},"3":{"start":{"line":9,"column":0},"end":{"line":9,"column":43}}},"branchMap":{}},"/var/www/finaldev/GroupProject/spec/downloadUtilities/downloadUtilities.spec.js":{"path":"/var/www/finaldev/GroupProject/spec/downloadUtilities/downloadUtilities.spec.js","s":{"1":1,"2":1,"3":1,"4":1,"5":1,"6":1,"7":1,"8":1,"9":1,"10":1,"11":1,"12":1,"13":1,"14":1,"15":1,"16":1,"17":1,"18":1,"19":1,"20":1,"21":1,"22":1,"23":1,"24":1,"25":1,"26":1,"27":1,"28":1,"29":1,"30":1,"31":1,"32":1,"33":1,"34":1,"35":1,"36":1,"37":1,"38":1,"39":1,"40":1,"41":1,"42":1,"43":1,"44":1,"45":1,"46":1,"47":1,"48":1,"49":1,"50":1,"51":1,"52":1,"53":1,"54":1,"55":1,"56":1,"57":1,"58":1,"59":1,"60":1,"61":1,"62":1,"63":1,"64":1,"65":1,"66":1},"b":{},"f":{"1":1,"2":1,"3":1,"4":1,"5":1,"6":1,"7":1,"8":1},"fnMap":{"1":{"name":"(anonymous_1)","line":15,"loc":{"start":{"line":15,"column":39},"end":{"line":15,"column":50}}},"2":{"name":"(anonymous_2)","line":30,"loc":{"start":{"line":30,"column":46},"end":{"line":30,"column":57}}},"3":{"name":"(anonymous_3)","line":43,"loc":{"start":{"line":43,"column":39},"end":{"line":43,"column":50}}},"4":{"name":"(anonymous_4)","line":72,"loc":{"start":{"line":72,"column":46},"end":{"line":72,"column":57}}},"5":{"name":"(anonymous_5)","line":91,"loc":{"start":{"line":91,"column":39},"end":{"line":91,"column":50}}},"6":{"name":"(anonymous_6)","line":120,"loc":{"start":{"line":120,"column":46},"end":{"line":120,"column":57}}},"7":{"name":"(anonymous_7)","line":142,"loc":{"start":{"line":142,"column":25},"end":{"line":142,"column":36}}},"8":{"name":"(anonymous_8)","line":160,"loc":{"start":{"line":160,"column":42},"end":{"line":160,"column":53}}}},"statementMap":{"1":{"start":{"line":2,"column":0},"end":{"line":2,"column":52}},"2":{"start":{"line":3,"column":0},"end":{"line":3,"column":40}},"3":{"start":{"line":4,"column":0},"end":{"line":4,"column":46}},"4":{"start":{"line":5,"column":0},"end":{"line":5,"column":28}},"5":{"start":{"line":8,"column":0},"end":{"line":8,"column":39}},"6":{"start":{"line":9,"column":0},"end":{"line":9,"column":80}},"7":{"start":{"line":10,"column":0},"end":{"line":10,"column":31}},"8":{"start":{"line":15,"column":0},"end":{"line":37,"column":3}},"9":{"start":{"line":17,"column":2},"end":{"line":17,"column":22}},"10":{"start":{"line":18,"column":2},"end":{"line":18,"column":24}},"11":{"start":{"line":19,"column":2},"end":{"line":20,"column":22}},"12":{"start":{"line":23,"column":2},"end":{"line":25,"column":4}},"13":{"start":{"line":27,"column":3},"end":{"line":27,"column":53}},"14":{"start":{"line":30,"column":2},"end":{"line":36,"column":5}},"15":{"start":{"line":31,"column":4},"end":{"line":31,"column":60}},"16":{"start":{"line":35,"column":4},"end":{"line":35,"column":62}},"17":{"start":{"line":43,"column":0},"end":{"line":85,"column":3}},"18":{"start":{"line":45,"column":2},"end":{"line":45,"column":22}},"19":{"start":{"line":46,"column":2},"end":{"line":46,"column":24}},"20":{"start":{"line":47,"column":2},"end":{"line":48,"column":22}},"21":{"start":{"line":51,"column":2},"end":{"line":53,"column":4}},"22":{"start":{"line":55,"column":2},"end":{"line":57,"column":4}},"23":{"start":{"line":59,"column":2},"end":{"line":61,"column":4}},"24":{"start":{"line":63,"column":2},"end":{"line":65,"column":4}},"25":{"start":{"line":67,"column":2},"end":{"line":67,"column":53}},"26":{"start":{"line":68,"column":2},"end":{"line":68,"column":54}},"27":{"start":{"line":69,"column":2},"end":{"line":69,"column":54}},"28":{"start":{"line":70,"column":2},"end":{"line":70,"column":54}},"29":{"start":{"line":72,"column":2},"end":{"line":84,"column":5}},"30":{"start":{"line":73,"column":4},"end":{"line":73,"column":60}},"31":{"start":{"line":74,"column":4},"end":{"line":74,"column":34}},"32":{"start":{"line":77,"column":4},"end":{"line":77,"column":62}},"33":{"start":{"line":78,"column":4},"end":{"line":78,"column":78}},"34":{"start":{"line":79,"column":4},"end":{"line":79,"column":80}},"35":{"start":{"line":80,"column":4},"end":{"line":80,"column":67}},"36":{"start":{"line":81,"column":4},"end":{"line":81,"column":84}},"37":{"start":{"line":82,"column":4},"end":{"line":82,"column":79}},"38":{"start":{"line":83,"column":4},"end":{"line":83,"column":67}},"39":{"start":{"line":91,"column":0},"end":{"line":135,"column":3}},"40":{"start":{"line":93,"column":2},"end":{"line":93,"column":22}},"41":{"start":{"line":94,"column":2},"end":{"line":94,"column":24}},"42":{"start":{"line":95,"column":2},"end":{"line":96,"column":22}},"43":{"start":{"line":99,"column":2},"end":{"line":101,"column":4}},"44":{"start":{"line":103,"column":2},"end":{"line":105,"column":4}},"45":{"start":{"line":107,"column":2},"end":{"line":109,"column":4}},"46":{"start":{"line":111,"column":2},"end":{"line":113,"column":4}},"47":{"start":{"line":115,"column":2},"end":{"line":115,"column":53}},"48":{"start":{"line":116,"column":2},"end":{"line":116,"column":54}},"49":{"start":{"line":117,"column":2},"end":{"line":117,"column":54}},"50":{"start":{"line":118,"column":2},"end":{"line":118,"column":54}},"51":{"start":{"line":120,"column":2},"end":{"line":134,"column":5}},"52":{"start":{"line":121,"column":4},"end":{"line":121,"column":60}},"53":{"start":{"line":125,"column":4},"end":{"line":125,"column":62}},"54":{"start":{"line":126,"column":4},"end":{"line":126,"column":78}},"55":{"start":{"line":127,"column":4},"end":{"line":127,"column":80}},"56":{"start":{"line":128,"column":4},"end":{"line":128,"column":67}},"57":{"start":{"line":129,"column":4},"end":{"line":129,"column":68}},"58":{"start":{"line":130,"column":4},"end":{"line":130,"column":84}},"59":{"start":{"line":131,"column":4},"end":{"line":131,"column":78}},"60":{"start":{"line":132,"column":4},"end":{"line":132,"column":67}},"61":{"start":{"line":142,"column":0},"end":{"line":167,"column":3}},"62":{"start":{"line":150,"column":2},"end":{"line":152,"column":4}},"63":{"start":{"line":160,"column":2},"end":{"line":166,"column":5}},"64":{"start":{"line":161,"column":4},"end":{"line":161,"column":53}},"65":{"start":{"line":163,"column":4},"end":{"line":163,"column":39}},"66":{"start":{"line":164,"column":4},"end":{"line":164,"column":31}}},"branchMap":{}},"/var/www/finaldev/GroupProject/split/downloadUtilities.js":{"path":"/var/www/finaldev/GroupProject/split/downloadUtilities.js","s":{"1":1,"2":0,"3":1,"4":0,"5":1,"6":3,"7":2,"8":2,"9":3,"10":6,"11":6,"12":1,"13":1,"14":5,"15":5,"16":5,"17":1,"18":3,"19":1,"20":9,"21":9,"22":8,"23":2,"24":6,"25":5,"26":1,"27":9,"28":9,"29":6,"30":3,"31":1,"32":2,"33":1,"34":1,"35":1,"36":1},"b":{"1":[2,1],"2":[1,5],"3":[1,0],"4":[1,4],"5":[2,6],"6":[5,1],"7":[6,3],"8":[9,8],"9":[1,2],"10":[3,1]},"f":{"1":0,"2":0,"3":3,"4":9},"fnMap":{"1":{"name":"(anonymous_1)","line":1,"loc":{"start":{"line":1,"column":20},"end":{"line":1,"column":38}}},"2":{"name":"(anonymous_2)","line":5,"loc":{"start":{"line":5,"column":25},"end":{"line":5,"column":54}}},"3":{"name":"(anonymous_3)","line":13,"loc":{"start":{"line":13,"column":23},"end":{"line":13,"column":70}}},"4":{"name":"getMode","line":91,"loc":{"start":{"line":91,"column":0},"end":{"line":91,"column":25}}}},"statementMap":{"1":{"start":{"line":1,"column":0},"end":{"line":3,"column":1}},"2":{"start":{"line":2,"column":2},"end":{"line":2,"column":282}},"3":{"start":{"line":5,"column":0},"end":{"line":11,"column":1}},"4":{"start":{"line":7,"column":3},"end":{"line":9,"column":183}},"5":{"start":{"line":13,"column":0},"end":{"line":89,"column":1}},"6":{"start":{"line":16,"column":7},"end":{"line":30,"column":8}},"7":{"start":{"line":17,"column":4},"end":{"line":17,"column":43}},"8":{"start":{"line":18,"column":4},"end":{"line":29,"column":7}},"9":{"start":{"line":32,"column":7},"end":{"line":79,"column":15}},"10":{"start":{"line":35,"column":4},"end":{"line":35,"column":39}},"11":{"start":{"line":37,"column":4},"end":{"line":77,"column":5}},"12":{"start":{"line":39,"column":8},"end":{"line":52,"column":9}},"13":{"start":{"line":40,"column":5},"end":{"line":51,"column":8}},"14":{"start":{"line":55,"column":8},"end":{"line":60,"column":15}},"15":{"start":{"line":62,"column":8},"end":{"line":62,"column":24}},"16":{"start":{"line":63,"column":8},"end":{"line":76,"column":9}},"17":{"start":{"line":64,"column":5},"end":{"line":75,"column":8}},"18":{"start":{"line":81,"column":7},"end":{"line":86,"column":11}},"19":{"start":{"line":91,"column":0},"end":{"line":121,"column":1}},"20":{"start":{"line":93,"column":4},"end":{"line":96,"column":18}},"21":{"start":{"line":97,"column":4},"end":{"line":106,"column":5}},"22":{"start":{"line":98,"column":2},"end":{"line":104,"column":3}},"23":{"start":{"line":99,"column":3},"end":{"line":99,"column":20}},"24":{"start":{"line":100,"column":9},"end":{"line":104,"column":3}},"25":{"start":{"line":101,"column":3},"end":{"line":101,"column":18}},"26":{"start":{"line":103,"column":3},"end":{"line":103,"column":19}},"27":{"start":{"line":107,"column":4},"end":{"line":107,"column":60}},"28":{"start":{"line":110,"column":4},"end":{"line":118,"column":5}},"29":{"start":{"line":111,"column":2},"end":{"line":111,"column":89}},"30":{"start":{"line":113,"column":11},"end":{"line":118,"column":5}},"31":{"start":{"line":114,"column":2},"end":{"line":114,"column":87}},"32":{"start":{"line":117,"column":2},"end":{"line":117,"column":85}},"33":{"start":{"line":123,"column":0},"end":{"line":123,"column":51}},"34":{"start":{"line":124,"column":0},"end":{"line":124,"column":45}},"35":{"start":{"line":125,"column":0},"end":{"line":125,"column":33}},"36":{"start":{"line":126,"column":0},"end":{"line":126,"column":55}}},"branchMap":{"1":{"line":16,"type":"if","locations":[{"start":{"line":16,"column":7},"end":{"line":16,"column":7}},{"start":{"line":16,"column":7},"end":{"line":16,"column":7}}]},"2":{"line":37,"type":"if","locations":[{"start":{"line":37,"column":4},"end":{"line":37,"column":4}},{"start":{"line":37,"column":4},"end":{"line":37,"column":4}}]},"3":{"line":39,"type":"if","locations":[{"start":{"line":39,"column":8},"end":{"line":39,"column":8}},{"start":{"line":39,"column":8},"end":{"line":39,"column":8}}]},"4":{"line":63,"type":"if","locations":[{"start":{"line":63,"column":8},"end":{"line":63,"column":8}},{"start":{"line":63,"column":8},"end":{"line":63,"column":8}}]},"5":{"line":98,"type":"if","locations":[{"start":{"line":98,"column":2},"end":{"line":98,"column":2}},{"start":{"line":98,"column":2},"end":{"line":98,"column":2}}]},"6":{"line":100,"type":"if","locations":[{"start":{"line":100,"column":9},"end":{"line":100,"column":9}},{"start":{"line":100,"column":9},"end":{"line":100,"column":9}}]},"7":{"line":110,"type":"if","locations":[{"start":{"line":110,"column":4},"end":{"line":110,"column":4}},{"start":{"line":110,"column":4},"end":{"line":110,"column":4}}]},"8":{"line":110,"type":"binary-expr","locations":[{"start":{"line":110,"column":8},"end":{"line":110,"column":39}},{"start":{"line":110,"column":43},"end":{"line":110,"column":73}}]},"9":{"line":113,"type":"if","locations":[{"start":{"line":113,"column":11},"end":{"line":113,"column":11}},{"start":{"line":113,"column":11},"end":{"line":113,"column":11}}]},"10":{"line":113,"type":"binary-expr","locations":[{"start":{"line":113,"column":15},"end":{"line":113,"column":44}},{"start":{"line":113,"column":48},"end":{"line":113,"column":79}}]}}},"/var/www/finaldev/GroupProject/spec/dynamicAnnotate/dynamicAnnotate.spec.js":{"path":"/var/www/finaldev/GroupProject/spec/dynamicAnnotate/dynamicAnnotate.spec.js","s":{"1":1,"2":1,"3":1,"4":1,"5":1,"6":1,"7":1,"8":1,"9":1,"10":1,"11":1,"12":1,"13":1,"14":1,"15":1},"b":{},"f":{"1":1,"2":1,"3":1,"4":1,"5":1,"6":1},"fnMap":{"1":{"name":"(anonymous_1)","line":12,"loc":{"start":{"line":12,"column":42},"end":{"line":12,"column":53}}},"2":{"name":"(anonymous_2)","line":15,"loc":{"start":{"line":15,"column":14},"end":{"line":15,"column":29}}},"3":{"name":"(anonymous_3)","line":21,"loc":{"start":{"line":21,"column":13},"end":{"line":21,"column":28}}},"4":{"name":"(anonymous_4)","line":30,"loc":{"start":{"line":30,"column":57},"end":{"line":30,"column":72}}},"5":{"name":"(anonymous_5)","line":41,"loc":{"start":{"line":41,"column":12},"end":{"line":41,"column":24}}},"6":{"name":"(anonymous_6)","line":42,"loc":{"start":{"line":42,"column":60},"end":{"line":42,"column":78}}}},"statementMap":{"1":{"start":{"line":1,"column":0},"end":{"line":1,"column":70}},"2":{"start":{"line":2,"column":0},"end":{"line":2,"column":73}},"3":{"start":{"line":5,"column":0},"end":{"line":5,"column":39}},"4":{"start":{"line":6,"column":0},"end":{"line":6,"column":80}},"5":{"start":{"line":7,"column":0},"end":{"line":7,"column":31}},"6":{"start":{"line":12,"column":0},"end":{"line":51,"column":3}},"7":{"start":{"line":15,"column":3},"end":{"line":20,"column":6}},"8":{"start":{"line":17,"column":5},"end":{"line":19,"column":16}},"9":{"start":{"line":21,"column":3},"end":{"line":26,"column":6}},"10":{"start":{"line":23,"column":5},"end":{"line":25,"column":17}},"11":{"start":{"line":30,"column":2},"end":{"line":50,"column":5}},"12":{"start":{"line":34,"column":6},"end":{"line":46,"column":7}},"13":{"start":{"line":42,"column":8},"end":{"line":45,"column":8}},"14":{"start":{"line":43,"column":8},"end":{"line":43,"column":46}},"15":{"start":{"line":44,"column":8},"end":{"line":44,"column":15}}},"branchMap":{}},"/var/www/finaldev/GroupProject/split/dynamicAnnotateFunctions.js":{"path":"/var/www/finaldev/GroupProject/split/dynamicAnnotateFunctions.js","s":{"1":1,"2":1,"3":1},"b":{},"f":{"1":1},"fnMap":{"1":{"name":"(anonymous_1)","line":1,"loc":{"start":{"line":1,"column":31},"end":{"line":1,"column":67}}}},"statementMap":{"1":{"start":{"line":1,"column":0},"end":{"line":3,"column":1}},"2":{"start":{"line":2,"column":2},"end":{"line":2,"column":235}},"3":{"start":{"line":6,"column":0},"end":{"line":6,"column":67}}},"branchMap":{}},"/var/www/finaldev/GroupProject/spec/getAllInTopic/getAllInTopic.spec.js":{"path":"/var/www/finaldev/GroupProject/spec/getAllInTopic/getAllInTopic.spec.js","s":{"1":1,"2":1,"3":1,"4":1,"5":1,"6":1,"7":1,"8":1,"9":1,"10":1,"11":1,"12":1,"13":1,"14":1,"15":1},"b":{},"f":{"1":1,"2":1,"3":1,"4":1,"5":1,"6":1},"fnMap":{"1":{"name":"(anonymous_1)","line":12,"loc":{"start":{"line":12,"column":36},"end":{"line":12,"column":47}}},"2":{"name":"(anonymous_2)","line":15,"loc":{"start":{"line":15,"column":14},"end":{"line":15,"column":29}}},"3":{"name":"(anonymous_3)","line":21,"loc":{"start":{"line":21,"column":13},"end":{"line":21,"column":28}}},"4":{"name":"(anonymous_4)","line":30,"loc":{"start":{"line":30,"column":57},"end":{"line":30,"column":72}}},"5":{"name":"(anonymous_5)","line":41,"loc":{"start":{"line":41,"column":12},"end":{"line":41,"column":24}}},"6":{"name":"(anonymous_6)","line":42,"loc":{"start":{"line":42,"column":54},"end":{"line":42,"column":72}}}},"statementMap":{"1":{"start":{"line":1,"column":0},"end":{"line":1,"column":49}},"2":{"start":{"line":2,"column":0},"end":{"line":2,"column":50}},"3":{"start":{"line":5,"column":0},"end":{"line":5,"column":39}},"4":{"start":{"line":6,"column":0},"end":{"line":6,"column":80}},"5":{"start":{"line":7,"column":0},"end":{"line":7,"column":31}},"6":{"start":{"line":12,"column":0},"end":{"line":51,"column":3}},"7":{"start":{"line":15,"column":3},"end":{"line":20,"column":6}},"8":{"start":{"line":17,"column":5},"end":{"line":19,"column":16}},"9":{"start":{"line":21,"column":3},"end":{"line":26,"column":6}},"10":{"start":{"line":23,"column":5},"end":{"line":25,"column":17}},"11":{"start":{"line":30,"column":2},"end":{"line":50,"column":5}},"12":{"start":{"line":34,"column":6},"end":{"line":46,"column":7}},"13":{"start":{"line":42,"column":8},"end":{"line":45,"column":8}},"14":{"start":{"line":43,"column":8},"end":{"line":43,"column":46}},"15":{"start":{"line":44,"column":8},"end":{"line":44,"column":15}}},"branchMap":{}},"/var/www/finaldev/GroupProject/split/topicPageQuery.js":{"path":"/var/www/finaldev/GroupProject/split/topicPageQuery.js","s":{"1":1,"2":1,"3":1},"b":{},"f":{"1":1},"fnMap":{"1":{"name":"(anonymous_1)","line":1,"loc":{"start":{"line":1,"column":25},"end":{"line":1,"column":56}}}},"statementMap":{"1":{"start":{"line":1,"column":0},"end":{"line":3,"column":1}},"2":{"start":{"line":2,"column":2},"end":{"line":2,"column":193}},"3":{"start":{"line":8,"column":0},"end":{"line":8,"column":55}}},"branchMap":{}},"/var/www/finaldev/GroupProject/spec/indexPage/index-page.spec.js":{"path":"/var/www/finaldev/GroupProject/spec/indexPage/index-page.spec.js","s":{"1":1,"2":1,"3":1,"4":1,"5":1,"6":1,"7":1,"8":1,"9":1,"10":1,"11":1,"12":1,"13":1,"14":1,"15":1,"16":1,"17":1,"18":1,"19":1,"20":1,"21":1,"22":1,"23":1,"24":1,"25":1,"26":1,"27":1,"28":1,"29":1},"b":{},"f":{"1":1,"2":1,"3":1,"4":1,"5":1,"6":1,"7":1,"8":1,"9":1,"10":1},"fnMap":{"1":{"name":"(anonymous_1)","line":19,"loc":{"start":{"line":19,"column":40},"end":{"line":19,"column":51}}},"2":{"name":"(anonymous_2)","line":21,"loc":{"start":{"line":21,"column":14},"end":{"line":21,"column":29}}},"3":{"name":"(anonymous_3)","line":27,"loc":{"start":{"line":27,"column":13},"end":{"line":27,"column":28}}},"4":{"name":"(anonymous_4)","line":34,"loc":{"start":{"line":34,"column":63},"end":{"line":34,"column":78}}},"5":{"name":"(anonymous_5)","line":37,"loc":{"start":{"line":37,"column":29},"end":{"line":37,"column":47}}},"6":{"name":"(anonymous_6)","line":40,"loc":{"start":{"line":40,"column":8},"end":{"line":40,"column":20}}},"7":{"name":"(anonymous_7)","line":47,"loc":{"start":{"line":47,"column":8},"end":{"line":47,"column":20}}},"8":{"name":"(anonymous_8)","line":48,"loc":{"start":{"line":48,"column":31},"end":{"line":48,"column":49}}},"9":{"name":"(anonymous_9)","line":65,"loc":{"start":{"line":65,"column":34},"end":{"line":65,"column":45}}},"10":{"name":"(anonymous_10)","line":77,"loc":{"start":{"line":77,"column":46},"end":{"line":77,"column":57}}}},"statementMap":{"1":{"start":{"line":2,"column":0},"end":{"line":2,"column":53}},"2":{"start":{"line":3,"column":0},"end":{"line":3,"column":38}},"3":{"start":{"line":4,"column":0},"end":{"line":4,"column":50}},"4":{"start":{"line":8,"column":0},"end":{"line":8,"column":39}},"5":{"start":{"line":9,"column":0},"end":{"line":9,"column":80}},"6":{"start":{"line":10,"column":0},"end":{"line":10,"column":31}},"7":{"start":{"line":19,"column":0},"end":{"line":56,"column":3}},"8":{"start":{"line":20,"column":2},"end":{"line":20,"column":20}},"9":{"start":{"line":21,"column":3},"end":{"line":26,"column":6}},"10":{"start":{"line":23,"column":5},"end":{"line":25,"column":16}},"11":{"start":{"line":27,"column":3},"end":{"line":32,"column":6}},"12":{"start":{"line":29,"column":5},"end":{"line":31,"column":17}},"13":{"start":{"line":34,"column":2},"end":{"line":55,"column":5}},"14":{"start":{"line":36,"column":2},"end":{"line":36,"column":19}},"15":{"start":{"line":37,"column":2},"end":{"line":54,"column":7}},"16":{"start":{"line":38,"column":4},"end":{"line":38,"column":41}},"17":{"start":{"line":41,"column":4},"end":{"line":53,"column":8}},"18":{"start":{"line":48,"column":4},"end":{"line":51,"column":6}},"19":{"start":{"line":49,"column":6},"end":{"line":49,"column":59}},"20":{"start":{"line":50,"column":6},"end":{"line":50,"column":13}},"21":{"start":{"line":65,"column":0},"end":{"line":84,"column":3}},"22":{"start":{"line":66,"column":2},"end":{"line":66,"column":8}},"23":{"start":{"line":67,"column":2},"end":{"line":67,"column":22}},"24":{"start":{"line":68,"column":2},"end":{"line":68,"column":24}},"25":{"start":{"line":69,"column":2},"end":{"line":75,"column":4}},"26":{"start":{"line":76,"column":2},"end":{"line":76,"column":39}},"27":{"start":{"line":77,"column":2},"end":{"line":83,"column":5}},"28":{"start":{"line":78,"column":4},"end":{"line":78,"column":38}},"29":{"start":{"line":82,"column":4},"end":{"line":82,"column":60}}},"branchMap":{}},"/var/www/finaldev/GroupProject/split/indexPageFunctions.js":{"path":"/var/www/finaldev/GroupProject/split/indexPageFunctions.js","s":{"1":1,"2":2,"3":1,"4":1,"5":1,"6":1,"7":1,"8":1,"9":1},"b":{},"f":{"1":2,"2":1,"3":1},"fnMap":{"1":{"name":"(anonymous_1)","line":4,"loc":{"start":{"line":4,"column":19},"end":{"line":4,"column":37}}},"2":{"name":"(anonymous_2)","line":12,"loc":{"start":{"line":12,"column":25},"end":{"line":12,"column":42}}},"3":{"name":"(anonymous_3)","line":14,"loc":{"start":{"line":14,"column":25},"end":{"line":14,"column":41}}}},"statementMap":{"1":{"start":{"line":4,"column":0},"end":{"line":10,"column":1}},"2":{"start":{"line":5,"column":2},"end":{"line":5,"column":76}},"3":{"start":{"line":12,"column":0},"end":{"line":20,"column":1}},"4":{"start":{"line":13,"column":2},"end":{"line":13,"column":21}},"5":{"start":{"line":14,"column":2},"end":{"line":18,"column":9}},"6":{"start":{"line":15,"column":6},"end":{"line":17,"column":11}},"7":{"start":{"line":19,"column":2},"end":{"line":19,"column":20}},"8":{"start":{"line":22,"column":0},"end":{"line":22,"column":43}},"9":{"start":{"line":23,"column":0},"end":{"line":23,"column":55}}},"branchMap":{}},"/var/www/finaldev/GroupProject/spec/recursivePrint/recursivePrinting.spec.js":{"path":"/var/www/finaldev/GroupProject/spec/recursivePrint/recursivePrinting.spec.js","s":{"1":1,"2":1,"3":1,"4":1,"5":1,"6":1,"7":1,"8":1,"9":1,"10":1,"11":1,"12":1,"13":1,"14":1,"15":1,"16":1,"17":1,"18":1,"19":1,"20":1,"21":1,"22":1,"23":1,"24":1,"25":1,"26":1,"27":1,"28":1,"29":1,"30":1,"31":1,"32":1,"33":1,"34":1,"35":1,"36":1,"37":1,"38":1,"39":1,"40":1,"41":1,"42":1,"43":1,"44":1,"45":1,"46":1,"47":1,"48":1,"49":1,"50":1,"51":1,"52":1,"53":1,"54":1,"55":1,"56":1,"57":1,"58":1,"59":1,"60":1},"b":{},"f":{"1":1,"2":1,"3":1,"4":1,"5":1,"6":1,"7":1,"8":1},"fnMap":{"1":{"name":"(anonymous_1)","line":32,"loc":{"start":{"line":32,"column":34},"end":{"line":32,"column":45}}},"2":{"name":"(anonymous_2)","line":58,"loc":{"start":{"line":58,"column":60},"end":{"line":58,"column":71}}},"3":{"name":"(anonymous_3)","line":72,"loc":{"start":{"line":72,"column":34},"end":{"line":72,"column":45}}},"4":{"name":"(anonymous_4)","line":146,"loc":{"start":{"line":146,"column":56},"end":{"line":146,"column":67}}},"5":{"name":"(anonymous_5)","line":164,"loc":{"start":{"line":164,"column":34},"end":{"line":164,"column":45}}},"6":{"name":"(anonymous_6)","line":238,"loc":{"start":{"line":238,"column":54},"end":{"line":238,"column":65}}},"7":{"name":"(anonymous_7)","line":248,"loc":{"start":{"line":248,"column":34},"end":{"line":248,"column":45}}},"8":{"name":"(anonymous_8)","line":322,"loc":{"start":{"line":322,"column":54},"end":{"line":322,"column":65}}}},"statementMap":{"1":{"start":{"line":2,"column":0},"end":{"line":2,"column":54}},"2":{"start":{"line":3,"column":0},"end":{"line":3,"column":42}},"3":{"start":{"line":4,"column":0},"end":{"line":4,"column":32}},"4":{"start":{"line":8,"column":0},"end":{"line":8,"column":39}},"5":{"start":{"line":9,"column":0},"end":{"line":9,"column":80}},"6":{"start":{"line":10,"column":0},"end":{"line":10,"column":31}},"7":{"start":{"line":32,"column":0},"end":{"line":63,"column":3}},"8":{"start":{"line":33,"column":2},"end":{"line":33,"column":8}},"9":{"start":{"line":34,"column":2},"end":{"line":34,"column":22}},"10":{"start":{"line":35,"column":2},"end":{"line":35,"column":24}},"11":{"start":{"line":36,"column":2},"end":{"line":37,"column":20}},"12":{"start":{"line":39,"column":2},"end":{"line":53,"column":4}},"13":{"start":{"line":55,"column":2},"end":{"line":55,"column":36}},"14":{"start":{"line":58,"column":2},"end":{"line":62,"column":5}},"15":{"start":{"line":60,"column":2},"end":{"line":60,"column":61}},"16":{"start":{"line":61,"column":4},"end":{"line":61,"column":57}},"17":{"start":{"line":72,"column":0},"end":{"line":156,"column":3}},"18":{"start":{"line":73,"column":2},"end":{"line":73,"column":8}},"19":{"start":{"line":74,"column":2},"end":{"line":74,"column":22}},"20":{"start":{"line":75,"column":2},"end":{"line":75,"column":24}},"21":{"start":{"line":76,"column":2},"end":{"line":77,"column":20}},"22":{"start":{"line":79,"column":2},"end":{"line":109,"column":4}},"23":{"start":{"line":110,"column":2},"end":{"line":124,"column":4}},"24":{"start":{"line":125,"column":2},"end":{"line":139,"column":4}},"25":{"start":{"line":141,"column":2},"end":{"line":141,"column":36}},"26":{"start":{"line":142,"column":2},"end":{"line":142,"column":36}},"27":{"start":{"line":143,"column":2},"end":{"line":143,"column":38}},"28":{"start":{"line":146,"column":2},"end":{"line":155,"column":5}},"29":{"start":{"line":148,"column":2},"end":{"line":148,"column":61}},"30":{"start":{"line":152,"column":4},"end":{"line":152,"column":69}},"31":{"start":{"line":153,"column":4},"end":{"line":153,"column":80}},"32":{"start":{"line":154,"column":4},"end":{"line":154,"column":68}},"33":{"start":{"line":164,"column":0},"end":{"line":244,"column":3}},"34":{"start":{"line":165,"column":2},"end":{"line":165,"column":8}},"35":{"start":{"line":166,"column":2},"end":{"line":166,"column":22}},"36":{"start":{"line":167,"column":2},"end":{"line":167,"column":24}},"37":{"start":{"line":168,"column":2},"end":{"line":169,"column":20}},"38":{"start":{"line":171,"column":2},"end":{"line":201,"column":4}},"39":{"start":{"line":202,"column":2},"end":{"line":216,"column":4}},"40":{"start":{"line":217,"column":2},"end":{"line":231,"column":4}},"41":{"start":{"line":233,"column":2},"end":{"line":233,"column":36}},"42":{"start":{"line":234,"column":2},"end":{"line":234,"column":36}},"43":{"start":{"line":235,"column":2},"end":{"line":235,"column":38}},"44":{"start":{"line":238,"column":2},"end":{"line":243,"column":5}},"45":{"start":{"line":240,"column":2},"end":{"line":240,"column":53}},"46":{"start":{"line":242,"column":4},"end":{"line":242,"column":34}},"47":{"start":{"line":248,"column":0},"end":{"line":328,"column":3}},"48":{"start":{"line":249,"column":2},"end":{"line":249,"column":8}},"49":{"start":{"line":250,"column":2},"end":{"line":250,"column":22}},"50":{"start":{"line":251,"column":2},"end":{"line":251,"column":24}},"51":{"start":{"line":252,"column":2},"end":{"line":253,"column":20}},"52":{"start":{"line":255,"column":2},"end":{"line":285,"column":4}},"53":{"start":{"line":286,"column":2},"end":{"line":300,"column":4}},"54":{"start":{"line":301,"column":2},"end":{"line":315,"column":4}},"55":{"start":{"line":317,"column":2},"end":{"line":317,"column":36}},"56":{"start":{"line":318,"column":2},"end":{"line":318,"column":36}},"57":{"start":{"line":319,"column":2},"end":{"line":319,"column":38}},"58":{"start":{"line":322,"column":2},"end":{"line":327,"column":5}},"59":{"start":{"line":324,"column":2},"end":{"line":324,"column":53}},"60":{"start":{"line":326,"column":4},"end":{"line":326,"column":33}}},"branchMap":{}},"/var/www/finaldev/GroupProject/split/recursivePrintUtils.js":{"path":"/var/www/finaldev/GroupProject/split/recursivePrintUtils.js","s":{"1":1,"2":7,"3":2,"4":5,"5":1,"6":1,"7":4,"8":0,"9":4,"10":4,"11":4,"12":1,"13":1,"14":1,"15":1,"16":1,"17":4,"18":1,"19":3,"20":1,"21":3,"22":3,"23":9,"24":2,"25":1,"26":1,"27":1},"b":{"1":[2,5],"2":[1,4],"3":[0,4],"4":[1,3],"5":[1,0],"6":[1,3],"7":[2,7]},"f":{"1":7,"2":3},"fnMap":{"1":{"name":"(anonymous_1)","line":1,"loc":{"start":{"line":1,"column":21},"end":{"line":1,"column":68}}},"2":{"name":"(anonymous_2)","line":53,"loc":{"start":{"line":53,"column":16},"end":{"line":53,"column":40}}}},"statementMap":{"1":{"start":{"line":1,"column":0},"end":{"line":50,"column":1}},"2":{"start":{"line":6,"column":4},"end":{"line":8,"column":5}},"3":{"start":{"line":7,"column":1},"end":{"line":7,"column":8}},"4":{"start":{"line":9,"column":4},"end":{"line":12,"column":5}},"5":{"start":{"line":10,"column":1},"end":{"line":10,"column":53}},"6":{"start":{"line":11,"column":1},"end":{"line":11,"column":8}},"7":{"start":{"line":13,"column":4},"end":{"line":15,"column":5}},"8":{"start":{"line":14,"column":1},"end":{"line":14,"column":8}},"9":{"start":{"line":21,"column":4},"end":{"line":21,"column":60}},"10":{"start":{"line":22,"column":4},"end":{"line":27,"column":7}},"11":{"start":{"line":30,"column":4},"end":{"line":41,"column":5}},"12":{"start":{"line":31,"column":1},"end":{"line":31,"column":7}},"13":{"start":{"line":32,"column":1},"end":{"line":40,"column":2}},"14":{"start":{"line":34,"column":5},"end":{"line":34,"column":84}},"15":{"start":{"line":36,"column":5},"end":{"line":39,"column":6}},"16":{"start":{"line":38,"column":2},"end":{"line":38,"column":60}},"17":{"start":{"line":43,"column":4},"end":{"line":47,"column":61}},"18":{"start":{"line":44,"column":1},"end":{"line":44,"column":8}},"19":{"start":{"line":47,"column":9},"end":{"line":47,"column":61}},"20":{"start":{"line":53,"column":0},"end":{"line":61,"column":1}},"21":{"start":{"line":54,"column":4},"end":{"line":54,"column":10}},"22":{"start":{"line":55,"column":4},"end":{"line":59,"column":5}},"23":{"start":{"line":56,"column":1},"end":{"line":58,"column":2}},"24":{"start":{"line":57,"column":5},"end":{"line":57,"column":14}},"25":{"start":{"line":60,"column":4},"end":{"line":60,"column":14}},"26":{"start":{"line":63,"column":0},"end":{"line":63,"column":47}},"27":{"start":{"line":64,"column":0},"end":{"line":64,"column":37}}},"branchMap":{"1":{"line":6,"type":"if","locations":[{"start":{"line":6,"column":4},"end":{"line":6,"column":4}},{"start":{"line":6,"column":4},"end":{"line":6,"column":4}}]},"2":{"line":9,"type":"if","locations":[{"start":{"line":9,"column":4},"end":{"line":9,"column":4}},{"start":{"line":9,"column":4},"end":{"line":9,"column":4}}]},"3":{"line":13,"type":"if","locations":[{"start":{"line":13,"column":4},"end":{"line":13,"column":4}},{"start":{"line":13,"column":4},"end":{"line":13,"column":4}}]},"4":{"line":30,"type":"if","locations":[{"start":{"line":30,"column":4},"end":{"line":30,"column":4}},{"start":{"line":30,"column":4},"end":{"line":30,"column":4}}]},"5":{"line":36,"type":"if","locations":[{"start":{"line":36,"column":5},"end":{"line":36,"column":5}},{"start":{"line":36,"column":5},"end":{"line":36,"column":5}}]},"6":{"line":43,"type":"if","locations":[{"start":{"line":43,"column":4},"end":{"line":43,"column":4}},{"start":{"line":43,"column":4},"end":{"line":43,"column":4}}]},"7":{"line":56,"type":"if","locations":[{"start":{"line":56,"column":1},"end":{"line":56,"column":1}},{"start":{"line":56,"column":1},"end":{"line":56,"column":1}}]}}},"/var/www/finaldev/GroupProject/spec/staticAnnotate/staticAnnotate.spec.js":{"path":"/var/www/finaldev/GroupProject/spec/staticAnnotate/staticAnnotate.spec.js","s":{"1":1,"2":1,"3":1,"4":1,"5":1,"6":1,"7":1,"8":1,"9":1,"10":1,"11":1,"12":1,"13":1,"14":1,"15":1,"16":1,"17":1,"18":1,"19":1,"20":1,"21":1,"22":1,"23":1,"24":1,"25":1,"26":1,"27":1,"28":1,"29":1,"30":1,"31":1,"32":1},"b":{},"f":{"1":1,"2":1,"3":1,"4":1,"5":1,"6":1,"7":1,"8":1},"fnMap":{"1":{"name":"(anonymous_1)","line":15,"loc":{"start":{"line":15,"column":45},"end":{"line":15,"column":56}}},"2":{"name":"(anonymous_2)","line":52,"loc":{"start":{"line":52,"column":46},"end":{"line":52,"column":57}}},"3":{"name":"(anonymous_3)","line":71,"loc":{"start":{"line":71,"column":37},"end":{"line":71,"column":48}}},"4":{"name":"(anonymous_4)","line":74,"loc":{"start":{"line":74,"column":14},"end":{"line":74,"column":29}}},"5":{"name":"(anonymous_5)","line":80,"loc":{"start":{"line":80,"column":13},"end":{"line":80,"column":28}}},"6":{"name":"(anonymous_6)","line":89,"loc":{"start":{"line":89,"column":57},"end":{"line":89,"column":72}}},"7":{"name":"(anonymous_7)","line":100,"loc":{"start":{"line":100,"column":12},"end":{"line":100,"column":24}}},"8":{"name":"(anonymous_8)","line":101,"loc":{"start":{"line":101,"column":42},"end":{"line":101,"column":60}}}},"statementMap":{"1":{"start":{"line":1,"column":0},"end":{"line":1,"column":70}},"2":{"start":{"line":2,"column":0},"end":{"line":2,"column":64}},"3":{"start":{"line":3,"column":0},"end":{"line":3,"column":72}},"4":{"start":{"line":5,"column":0},"end":{"line":5,"column":39}},"5":{"start":{"line":6,"column":0},"end":{"line":6,"column":80}},"6":{"start":{"line":7,"column":0},"end":{"line":7,"column":31}},"7":{"start":{"line":15,"column":0},"end":{"line":64,"column":3}},"8":{"start":{"line":16,"column":2},"end":{"line":16,"column":18}},"9":{"start":{"line":17,"column":2},"end":{"line":17,"column":26}},"10":{"start":{"line":18,"column":2},"end":{"line":18,"column":28}},"11":{"start":{"line":21,"column":2},"end":{"line":33,"column":4}},"12":{"start":{"line":34,"column":2},"end":{"line":46,"column":4}},"13":{"start":{"line":49,"column":2},"end":{"line":49,"column":40}},"14":{"start":{"line":50,"column":2},"end":{"line":50,"column":40}},"15":{"start":{"line":52,"column":2},"end":{"line":63,"column":5}},"16":{"start":{"line":54,"column":4},"end":{"line":54,"column":57}},"17":{"start":{"line":57,"column":4},"end":{"line":57,"column":38}},"18":{"start":{"line":58,"column":4},"end":{"line":58,"column":53}},"19":{"start":{"line":59,"column":4},"end":{"line":59,"column":47}},"20":{"start":{"line":60,"column":4},"end":{"line":60,"column":38}},"21":{"start":{"line":61,"column":4},"end":{"line":61,"column":54}},"22":{"start":{"line":62,"column":4},"end":{"line":62,"column":48}},"23":{"start":{"line":71,"column":0},"end":{"line":137,"column":3}},"24":{"start":{"line":74,"column":3},"end":{"line":79,"column":6}},"25":{"start":{"line":76,"column":5},"end":{"line":78,"column":16}},"26":{"start":{"line":80,"column":3},"end":{"line":85,"column":6}},"27":{"start":{"line":82,"column":5},"end":{"line":84,"column":17}},"28":{"start":{"line":89,"column":2},"end":{"line":136,"column":5}},"29":{"start":{"line":93,"column":6},"end":{"line":105,"column":7}},"30":{"start":{"line":101,"column":8},"end":{"line":104,"column":8}},"31":{"start":{"line":102,"column":8},"end":{"line":102,"column":46}},"32":{"start":{"line":103,"column":8},"end":{"line":103,"column":15}}},"branchMap":{}},"/var/www/finaldev/GroupProject/split/staticAnnotateFunctions.js":{"path":"/var/www/finaldev/GroupProject/split/staticAnnotateFunctions.js","s":{"1":1,"2":1,"3":1,"4":1,"5":1,"6":2,"7":1,"8":1,"9":1},"b":{},"f":{"1":1,"2":1,"3":2},"fnMap":{"1":{"name":"(anonymous_1)","line":1,"loc":{"start":{"line":1,"column":26},"end":{"line":1,"column":44}}},"2":{"name":"(anonymous_2)","line":6,"loc":{"start":{"line":6,"column":30},"end":{"line":6,"column":47}}},"3":{"name":"(anonymous_3)","line":10,"loc":{"start":{"line":10,"column":25},"end":{"line":10,"column":41}}}},"statementMap":{"1":{"start":{"line":1,"column":0},"end":{"line":3,"column":1}},"2":{"start":{"line":2,"column":2},"end":{"line":2,"column":199}},"3":{"start":{"line":6,"column":0},"end":{"line":19,"column":1}},"4":{"start":{"line":8,"column":2},"end":{"line":8,"column":24}},"5":{"start":{"line":10,"column":2},"end":{"line":16,"column":11}},"6":{"start":{"line":11,"column":6},"end":{"line":15,"column":13}},"7":{"start":{"line":18,"column":4},"end":{"line":18,"column":25}},"8":{"start":{"line":24,"column":0},"end":{"line":24,"column":57}},"9":{"start":{"line":25,"column":0},"end":{"line":25,"column":65}}},"branchMap":{}}}