{"/var/www/html/spec/addArguments/addArguments.spec.js":{"path":"/var/www/html/spec/addArguments/addArguments.spec.js","s":{"1":1,"2":1,"3":1,"4":1,"5":1,"6":1,"7":1,"8":1,"9":1,"10":1,"11":1},"b":{},"f":{"1":1,"2":1,"3":1,"4":1},"fnMap":{"1":{"name":"(anonymous_1)","line":15,"loc":{"start":{"line":15,"column":29},"end":{"line":15,"column":41}}},"2":{"name":"(anonymous_2)","line":32,"loc":{"start":{"line":32,"column":27},"end":{"line":32,"column":39}}},"3":{"name":"(anonymous_3)","line":34,"loc":{"start":{"line":34,"column":10},"end":{"line":34,"column":22}}},"4":{"name":"(anonymous_4)","line":38,"loc":{"start":{"line":38,"column":12},"end":{"line":38,"column":30}}}},"statementMap":{"1":{"start":{"line":1,"column":0},"end":{"line":1,"column":64}},"2":{"start":{"line":3,"column":0},"end":{"line":3,"column":39}},"3":{"start":{"line":4,"column":0},"end":{"line":4,"column":80}},"4":{"start":{"line":5,"column":0},"end":{"line":5,"column":31}},"5":{"start":{"line":15,"column":0},"end":{"line":54,"column":2}},"6":{"start":{"line":32,"column":2},"end":{"line":53,"column":6}},"7":{"start":{"line":33,"column":4},"end":{"line":52,"column":8}},"8":{"start":{"line":37,"column":6},"end":{"line":51,"column":10}},"9":{"start":{"line":43,"column":8},"end":{"line":43,"column":49}},"10":{"start":{"line":45,"column":8},"end":{"line":45,"column":110}},"11":{"start":{"line":49,"column":14},"end":{"line":49,"column":129}}},"branchMap":{}},"/var/www/html/split/topicPostUtilities.js":{"path":"/var/www/html/split/topicPostUtilities.js","s":{"1":1,"2":1,"3":1},"b":{},"f":{"1":1},"fnMap":{"1":{"name":"(anonymous_1)","line":1,"loc":{"start":{"line":1,"column":18},"end":{"line":1,"column":63}}}},"statementMap":{"1":{"start":{"line":1,"column":0},"end":{"line":5,"column":1}},"2":{"start":{"line":2,"column":2},"end":{"line":4,"column":2}},"3":{"start":{"line":7,"column":0},"end":{"line":7,"column":41}}},"branchMap":{}},"/var/www/html/spec/dynamicAnnotate/dynamicAnnotate.spec.js":{"path":"/var/www/html/spec/dynamicAnnotate/dynamicAnnotate.spec.js","s":{"1":1,"2":1,"3":1,"4":1,"5":1,"6":1,"7":1,"8":1,"9":1,"10":1,"11":1,"12":1,"13":1,"14":1,"15":1},"b":{},"f":{"1":1,"2":1,"3":1,"4":1,"5":1,"6":1},"fnMap":{"1":{"name":"(anonymous_1)","line":12,"loc":{"start":{"line":12,"column":42},"end":{"line":12,"column":53}}},"2":{"name":"(anonymous_2)","line":15,"loc":{"start":{"line":15,"column":14},"end":{"line":15,"column":29}}},"3":{"name":"(anonymous_3)","line":21,"loc":{"start":{"line":21,"column":13},"end":{"line":21,"column":28}}},"4":{"name":"(anonymous_4)","line":30,"loc":{"start":{"line":30,"column":57},"end":{"line":30,"column":72}}},"5":{"name":"(anonymous_5)","line":41,"loc":{"start":{"line":41,"column":12},"end":{"line":41,"column":24}}},"6":{"name":"(anonymous_6)","line":42,"loc":{"start":{"line":42,"column":60},"end":{"line":42,"column":78}}}},"statementMap":{"1":{"start":{"line":1,"column":0},"end":{"line":1,"column":70}},"2":{"start":{"line":2,"column":0},"end":{"line":2,"column":73}},"3":{"start":{"line":5,"column":0},"end":{"line":5,"column":39}},"4":{"start":{"line":6,"column":0},"end":{"line":6,"column":80}},"5":{"start":{"line":7,"column":0},"end":{"line":7,"column":31}},"6":{"start":{"line":12,"column":0},"end":{"line":51,"column":3}},"7":{"start":{"line":15,"column":3},"end":{"line":20,"column":6}},"8":{"start":{"line":17,"column":5},"end":{"line":19,"column":16}},"9":{"start":{"line":21,"column":3},"end":{"line":26,"column":6}},"10":{"start":{"line":23,"column":5},"end":{"line":25,"column":17}},"11":{"start":{"line":30,"column":2},"end":{"line":50,"column":5}},"12":{"start":{"line":34,"column":6},"end":{"line":46,"column":7}},"13":{"start":{"line":42,"column":8},"end":{"line":45,"column":8}},"14":{"start":{"line":43,"column":8},"end":{"line":43,"column":46}},"15":{"start":{"line":44,"column":8},"end":{"line":44,"column":15}}},"branchMap":{}},"/var/www/html/split/dynamicAnnotateFunctions.js":{"path":"/var/www/html/split/dynamicAnnotateFunctions.js","s":{"1":1,"2":1,"3":1},"b":{},"f":{"1":1},"fnMap":{"1":{"name":"(anonymous_1)","line":1,"loc":{"start":{"line":1,"column":31},"end":{"line":1,"column":67}}}},"statementMap":{"1":{"start":{"line":1,"column":0},"end":{"line":3,"column":1}},"2":{"start":{"line":2,"column":2},"end":{"line":2,"column":192}},"3":{"start":{"line":6,"column":0},"end":{"line":6,"column":67}}},"branchMap":{}},"/var/www/html/spec/indexPage/index-page.spec.js":{"path":"/var/www/html/spec/indexPage/index-page.spec.js","s":{"1":1,"2":1,"3":1,"4":1,"5":1,"6":1,"7":1,"8":1,"9":1,"10":1,"11":1,"12":1,"13":1,"14":1,"15":1,"16":1,"17":1,"18":1,"19":1,"20":1,"21":1,"22":1,"23":1,"24":1,"25":1,"26":1,"27":1,"28":1,"29":1},"b":{},"f":{"1":1,"2":1,"3":1,"4":1,"5":1,"6":1,"7":1,"8":1,"9":1,"10":1},"fnMap":{"1":{"name":"(anonymous_1)","line":19,"loc":{"start":{"line":19,"column":40},"end":{"line":19,"column":51}}},"2":{"name":"(anonymous_2)","line":21,"loc":{"start":{"line":21,"column":14},"end":{"line":21,"column":29}}},"3":{"name":"(anonymous_3)","line":27,"loc":{"start":{"line":27,"column":13},"end":{"line":27,"column":28}}},"4":{"name":"(anonymous_4)","line":34,"loc":{"start":{"line":34,"column":63},"end":{"line":34,"column":78}}},"5":{"name":"(anonymous_5)","line":37,"loc":{"start":{"line":37,"column":29},"end":{"line":37,"column":47}}},"6":{"name":"(anonymous_6)","line":40,"loc":{"start":{"line":40,"column":8},"end":{"line":40,"column":20}}},"7":{"name":"(anonymous_7)","line":47,"loc":{"start":{"line":47,"column":8},"end":{"line":47,"column":20}}},"8":{"name":"(anonymous_8)","line":48,"loc":{"start":{"line":48,"column":31},"end":{"line":48,"column":49}}},"9":{"name":"(anonymous_9)","line":65,"loc":{"start":{"line":65,"column":34},"end":{"line":65,"column":45}}},"10":{"name":"(anonymous_10)","line":77,"loc":{"start":{"line":77,"column":46},"end":{"line":77,"column":57}}}},"statementMap":{"1":{"start":{"line":2,"column":0},"end":{"line":2,"column":53}},"2":{"start":{"line":3,"column":0},"end":{"line":3,"column":38}},"3":{"start":{"line":4,"column":0},"end":{"line":4,"column":50}},"4":{"start":{"line":8,"column":0},"end":{"line":8,"column":39}},"5":{"start":{"line":9,"column":0},"end":{"line":9,"column":80}},"6":{"start":{"line":10,"column":0},"end":{"line":10,"column":31}},"7":{"start":{"line":19,"column":0},"end":{"line":56,"column":3}},"8":{"start":{"line":20,"column":2},"end":{"line":20,"column":20}},"9":{"start":{"line":21,"column":3},"end":{"line":26,"column":6}},"10":{"start":{"line":23,"column":5},"end":{"line":25,"column":16}},"11":{"start":{"line":27,"column":3},"end":{"line":32,"column":6}},"12":{"start":{"line":29,"column":5},"end":{"line":31,"column":17}},"13":{"start":{"line":34,"column":2},"end":{"line":55,"column":5}},"14":{"start":{"line":36,"column":2},"end":{"line":36,"column":19}},"15":{"start":{"line":37,"column":2},"end":{"line":54,"column":7}},"16":{"start":{"line":38,"column":4},"end":{"line":38,"column":41}},"17":{"start":{"line":41,"column":4},"end":{"line":53,"column":8}},"18":{"start":{"line":48,"column":4},"end":{"line":51,"column":6}},"19":{"start":{"line":49,"column":6},"end":{"line":49,"column":59}},"20":{"start":{"line":50,"column":6},"end":{"line":50,"column":13}},"21":{"start":{"line":65,"column":0},"end":{"line":84,"column":3}},"22":{"start":{"line":66,"column":2},"end":{"line":66,"column":8}},"23":{"start":{"line":67,"column":2},"end":{"line":67,"column":22}},"24":{"start":{"line":68,"column":2},"end":{"line":68,"column":24}},"25":{"start":{"line":69,"column":2},"end":{"line":75,"column":4}},"26":{"start":{"line":76,"column":2},"end":{"line":76,"column":39}},"27":{"start":{"line":77,"column":2},"end":{"line":83,"column":5}},"28":{"start":{"line":78,"column":4},"end":{"line":78,"column":38}},"29":{"start":{"line":82,"column":4},"end":{"line":82,"column":60}}},"branchMap":{}},"/var/www/html/split/indexPageFunctions.js":{"path":"/var/www/html/split/indexPageFunctions.js","s":{"1":1,"2":2,"3":1,"4":1,"5":1,"6":1,"7":1,"8":1,"9":1},"b":{},"f":{"1":2,"2":1,"3":1},"fnMap":{"1":{"name":"(anonymous_1)","line":4,"loc":{"start":{"line":4,"column":19},"end":{"line":4,"column":37}}},"2":{"name":"(anonymous_2)","line":12,"loc":{"start":{"line":12,"column":25},"end":{"line":12,"column":42}}},"3":{"name":"(anonymous_3)","line":14,"loc":{"start":{"line":14,"column":25},"end":{"line":14,"column":41}}}},"statementMap":{"1":{"start":{"line":4,"column":0},"end":{"line":10,"column":1}},"2":{"start":{"line":8,"column":2},"end":{"line":8,"column":109}},"3":{"start":{"line":12,"column":0},"end":{"line":20,"column":1}},"4":{"start":{"line":13,"column":2},"end":{"line":13,"column":21}},"5":{"start":{"line":14,"column":2},"end":{"line":18,"column":9}},"6":{"start":{"line":15,"column":6},"end":{"line":17,"column":11}},"7":{"start":{"line":19,"column":2},"end":{"line":19,"column":20}},"8":{"start":{"line":22,"column":0},"end":{"line":22,"column":43}},"9":{"start":{"line":23,"column":0},"end":{"line":23,"column":55}}},"branchMap":{}},"/var/www/html/spec/staticAnnotate/staticAnnotate.spec.js":{"path":"/var/www/html/spec/staticAnnotate/staticAnnotate.spec.js","s":{"1":1,"2":1,"3":1,"4":1,"5":1,"6":1,"7":1,"8":1,"9":1,"10":1,"11":1,"12":1,"13":1,"14":1,"15":1,"16":1,"17":1,"18":1,"19":1,"20":1,"21":1,"22":1,"23":1,"24":1,"25":1,"26":1,"27":1,"28":1,"29":1,"30":1,"31":1,"32":1},"b":{},"f":{"1":1,"2":1,"3":1,"4":1,"5":1,"6":1,"7":1,"8":1},"fnMap":{"1":{"name":"(anonymous_1)","line":15,"loc":{"start":{"line":15,"column":45},"end":{"line":15,"column":56}}},"2":{"name":"(anonymous_2)","line":52,"loc":{"start":{"line":52,"column":46},"end":{"line":52,"column":57}}},"3":{"name":"(anonymous_3)","line":71,"loc":{"start":{"line":71,"column":37},"end":{"line":71,"column":48}}},"4":{"name":"(anonymous_4)","line":74,"loc":{"start":{"line":74,"column":14},"end":{"line":74,"column":29}}},"5":{"name":"(anonymous_5)","line":80,"loc":{"start":{"line":80,"column":13},"end":{"line":80,"column":28}}},"6":{"name":"(anonymous_6)","line":89,"loc":{"start":{"line":89,"column":57},"end":{"line":89,"column":72}}},"7":{"name":"(anonymous_7)","line":100,"loc":{"start":{"line":100,"column":12},"end":{"line":100,"column":24}}},"8":{"name":"(anonymous_8)","line":101,"loc":{"start":{"line":101,"column":42},"end":{"line":101,"column":60}}}},"statementMap":{"1":{"start":{"line":1,"column":0},"end":{"line":1,"column":70}},"2":{"start":{"line":2,"column":0},"end":{"line":2,"column":64}},"3":{"start":{"line":3,"column":0},"end":{"line":3,"column":72}},"4":{"start":{"line":5,"column":0},"end":{"line":5,"column":39}},"5":{"start":{"line":6,"column":0},"end":{"line":6,"column":80}},"6":{"start":{"line":7,"column":0},"end":{"line":7,"column":31}},"7":{"start":{"line":15,"column":0},"end":{"line":64,"column":3}},"8":{"start":{"line":16,"column":2},"end":{"line":16,"column":18}},"9":{"start":{"line":17,"column":2},"end":{"line":17,"column":26}},"10":{"start":{"line":18,"column":2},"end":{"line":18,"column":28}},"11":{"start":{"line":21,"column":2},"end":{"line":33,"column":4}},"12":{"start":{"line":34,"column":2},"end":{"line":46,"column":4}},"13":{"start":{"line":49,"column":2},"end":{"line":49,"column":40}},"14":{"start":{"line":50,"column":2},"end":{"line":50,"column":40}},"15":{"start":{"line":52,"column":2},"end":{"line":63,"column":5}},"16":{"start":{"line":54,"column":4},"end":{"line":54,"column":57}},"17":{"start":{"line":57,"column":4},"end":{"line":57,"column":38}},"18":{"start":{"line":58,"column":4},"end":{"line":58,"column":53}},"19":{"start":{"line":59,"column":4},"end":{"line":59,"column":47}},"20":{"start":{"line":60,"column":4},"end":{"line":60,"column":38}},"21":{"start":{"line":61,"column":4},"end":{"line":61,"column":54}},"22":{"start":{"line":62,"column":4},"end":{"line":62,"column":48}},"23":{"start":{"line":71,"column":0},"end":{"line":137,"column":3}},"24":{"start":{"line":74,"column":3},"end":{"line":79,"column":6}},"25":{"start":{"line":76,"column":5},"end":{"line":78,"column":16}},"26":{"start":{"line":80,"column":3},"end":{"line":85,"column":6}},"27":{"start":{"line":82,"column":5},"end":{"line":84,"column":17}},"28":{"start":{"line":89,"column":2},"end":{"line":136,"column":5}},"29":{"start":{"line":93,"column":6},"end":{"line":105,"column":7}},"30":{"start":{"line":101,"column":8},"end":{"line":104,"column":8}},"31":{"start":{"line":102,"column":8},"end":{"line":102,"column":46}},"32":{"start":{"line":103,"column":8},"end":{"line":103,"column":15}}},"branchMap":{}},"/var/www/html/split/staticAnnotateFunctions.js":{"path":"/var/www/html/split/staticAnnotateFunctions.js","s":{"1":1,"2":1,"3":1,"4":1,"5":1,"6":2,"7":1,"8":1,"9":1},"b":{},"f":{"1":1,"2":1,"3":2},"fnMap":{"1":{"name":"(anonymous_1)","line":1,"loc":{"start":{"line":1,"column":26},"end":{"line":1,"column":44}}},"2":{"name":"(anonymous_2)","line":6,"loc":{"start":{"line":6,"column":30},"end":{"line":6,"column":47}}},"3":{"name":"(anonymous_3)","line":10,"loc":{"start":{"line":10,"column":25},"end":{"line":10,"column":41}}}},"statementMap":{"1":{"start":{"line":1,"column":0},"end":{"line":3,"column":1}},"2":{"start":{"line":2,"column":2},"end":{"line":2,"column":157}},"3":{"start":{"line":6,"column":0},"end":{"line":19,"column":1}},"4":{"start":{"line":8,"column":2},"end":{"line":8,"column":24}},"5":{"start":{"line":10,"column":2},"end":{"line":16,"column":11}},"6":{"start":{"line":11,"column":6},"end":{"line":15,"column":13}},"7":{"start":{"line":18,"column":4},"end":{"line":18,"column":25}},"8":{"start":{"line":24,"column":0},"end":{"line":24,"column":57}},"9":{"start":{"line":25,"column":0},"end":{"line":25,"column":65}}},"branchMap":{}}}