TN:
SF:/var/www/html/spec/addArguments/addArguments.spec.js
FN:15,(anonymous_1)
FN:32,(anonymous_2)
FN:34,(anonymous_3)
FN:38,(anonymous_4)
FNF:4
FNH:4
FNDA:1,(anonymous_1)
FNDA:1,(anonymous_2)
FNDA:1,(anonymous_3)
FNDA:1,(anonymous_4)
DA:1,1
DA:3,1
DA:4,1
DA:5,1
DA:15,1
DA:32,1
DA:33,1
DA:37,1
DA:43,1
DA:45,1
DA:49,1
LF:11
LH:11
BRF:0
BRH:0
end_of_record
TN:
SF:/var/www/html/split/topicPostUtilities.js
FN:1,(anonymous_1)
FNF:1
FNH:1
FNDA:1,(anonymous_1)
DA:1,1
DA:2,1
DA:7,1
LF:3
LH:3
BRF:0
BRH:0
end_of_record
TN:
SF:/var/www/html/spec/addReplies/addReplies.spec.js
FN:14,(anonymous_1)
FN:23,(anonymous_2)
FN:31,(anonymous_3)
FN:38,(anonymous_4)
FN:47,(anonymous_5)
FN:53,(anonymous_6)
FNF:6
FNH:4
FNDA:1,(anonymous_1)
FNDA:1,(anonymous_2)
FNDA:1,(anonymous_3)
FNDA:1,(anonymous_4)
FNDA:0,(anonymous_5)
FNDA:0,(anonymous_6)
DA:1,1
DA:3,1
DA:4,1
DA:5,1
DA:14,1
DA:23,1
DA:25,1
DA:31,1
DA:32,1
DA:35,1
DA:41,1
DA:43,1
DA:52,0
DA:59,0
DA:60,0
DA:61,0
DA:62,0
DA:68,0
LF:18
LH:12
BRF:0
BRH:0
end_of_record
TN:
SF:/var/www/html/split/replyPostUtilities.js
FN:1,(anonymous_1)
FNF:1
FNH:1
FNDA:1,(anonymous_1)
DA:1,1
DA:2,1
DA:9,1
LF:3
LH:3
BRF:0
BRH:0
end_of_record
TN:
SF:/var/www/html/spec/downloadUtilities/downloadUtilities.spec.js
FN:15,(anonymous_1)
FN:30,(anonymous_2)
FN:43,(anonymous_3)
FN:72,(anonymous_4)
FN:91,(anonymous_5)
FN:120,(anonymous_6)
FN:142,(anonymous_7)
FN:160,(anonymous_8)
FNF:8
FNH:8
FNDA:1,(anonymous_1)
FNDA:1,(anonymous_2)
FNDA:1,(anonymous_3)
FNDA:1,(anonymous_4)
FNDA:1,(anonymous_5)
FNDA:1,(anonymous_6)
FNDA:1,(anonymous_7)
FNDA:1,(anonymous_8)
DA:2,1
DA:3,1
DA:4,1
DA:5,1
DA:8,1
DA:9,1
DA:10,1
DA:15,1
DA:17,1
DA:18,1
DA:19,1
DA:23,1
DA:27,1
DA:30,1
DA:31,1
DA:35,1
DA:43,1
DA:45,1
DA:46,1
DA:47,1
DA:51,1
DA:55,1
DA:59,1
DA:63,1
DA:67,1
DA:68,1
DA:69,1
DA:70,1
DA:72,1
DA:73,1
DA:77,1
DA:78,1
DA:79,1
DA:80,1
DA:81,1
DA:82,1
DA:83,1
DA:91,1
DA:93,1
DA:94,1
DA:95,1
DA:99,1
DA:103,1
DA:107,1
DA:111,1
DA:115,1
DA:116,1
DA:117,1
DA:118,1
DA:120,1
DA:121,1
DA:125,1
DA:126,1
DA:127,1
DA:128,1
DA:129,1
DA:130,1
DA:131,1
DA:132,1
DA:142,1
DA:150,1
DA:160,1
DA:161,1
DA:163,1
DA:164,1
LF:65
LH:65
BRF:0
BRH:0
end_of_record
TN:
SF:/var/www/html/split/downloadUtilities.js
FN:1,(anonymous_1)
FN:6,(anonymous_2)
FN:68,getMode
FNF:3
FNH:2
FNDA:0,(anonymous_1)
FNDA:3,(anonymous_2)
FNDA:9,getMode
DA:1,1
DA:2,0
DA:6,1
DA:11,3
DA:12,2
DA:13,2
DA:21,3
DA:24,6
DA:26,6
DA:28,1
DA:29,1
DA:38,5
DA:44,5
DA:45,5
DA:46,1
DA:57,3
DA:68,1
DA:70,9
DA:74,9
DA:75,8
DA:76,2
DA:77,6
DA:78,5
DA:80,1
DA:84,9
DA:87,9
DA:88,6
DA:90,3
DA:91,1
DA:94,2
DA:100,1
DA:101,1
DA:102,1
LF:33
LH:32
BRDA:11,1,0,2
BRDA:11,1,1,1
BRDA:26,2,0,1
BRDA:26,2,1,5
BRDA:28,3,0,1
BRDA:28,3,1,0
BRDA:45,4,0,1
BRDA:45,4,1,4
BRDA:75,5,0,2
BRDA:75,5,1,6
BRDA:77,6,0,5
BRDA:77,6,1,1
BRDA:87,7,0,6
BRDA:87,7,1,3
BRDA:87,8,0,9
BRDA:87,8,1,8
BRDA:90,9,0,1
BRDA:90,9,1,2
BRDA:90,10,0,3
BRDA:90,10,1,1
BRF:20
BRH:19
end_of_record
TN:
SF:/var/www/html/spec/dynamicAnnotate/dynamicAnnotate.spec.js
FN:12,(anonymous_1)
FN:15,(anonymous_2)
FN:21,(anonymous_3)
FN:30,(anonymous_4)
FN:41,(anonymous_5)
FN:42,(anonymous_6)
FNF:6
FNH:6
FNDA:1,(anonymous_1)
FNDA:1,(anonymous_2)
FNDA:1,(anonymous_3)
FNDA:1,(anonymous_4)
FNDA:1,(anonymous_5)
FNDA:1,(anonymous_6)
DA:1,1
DA:2,1
DA:5,1
DA:6,1
DA:7,1
DA:12,1
DA:15,1
DA:17,1
DA:21,1
DA:23,1
DA:30,1
DA:34,1
DA:42,1
DA:43,1
DA:44,1
LF:15
LH:15
BRF:0
BRH:0
end_of_record
TN:
SF:/var/www/html/split/dynamicAnnotateFunctions.js
FN:1,(anonymous_1)
FNF:1
FNH:1
FNDA:1,(anonymous_1)
DA:1,1
DA:2,1
DA:6,1
LF:3
LH:3
BRF:0
BRH:0
end_of_record
TN:
SF:/var/www/html/spec/getAllInTopic/getAllInTopic.spec.js
FN:12,(anonymous_1)
FN:15,(anonymous_2)
FN:21,(anonymous_3)
FN:30,(anonymous_4)
FN:41,(anonymous_5)
FN:42,(anonymous_6)
FNF:6
FNH:6
FNDA:1,(anonymous_1)
FNDA:1,(anonymous_2)
FNDA:1,(anonymous_3)
FNDA:1,(anonymous_4)
FNDA:1,(anonymous_5)
FNDA:1,(anonymous_6)
DA:1,1
DA:2,1
DA:5,1
DA:6,1
DA:7,1
DA:12,1
DA:15,1
DA:17,1
DA:21,1
DA:23,1
DA:30,1
DA:34,1
DA:42,1
DA:43,1
DA:44,1
LF:15
LH:15
BRF:0
BRH:0
end_of_record
TN:
SF:/var/www/html/split/topicPageQuery.js
FN:1,(anonymous_1)
FNF:1
FNH:1
FNDA:1,(anonymous_1)
DA:1,1
DA:2,1
DA:8,1
LF:3
LH:3
BRF:0
BRH:0
end_of_record
TN:
SF:/var/www/html/spec/indexPage/index-page.spec.js
FN:19,(anonymous_1)
FN:21,(anonymous_2)
FN:27,(anonymous_3)
FN:34,(anonymous_4)
FN:37,(anonymous_5)
FN:40,(anonymous_6)
FN:47,(anonymous_7)
FN:48,(anonymous_8)
FN:65,(anonymous_9)
FN:77,(anonymous_10)
FNF:10
FNH:10
FNDA:1,(anonymous_1)
FNDA:1,(anonymous_2)
FNDA:1,(anonymous_3)
FNDA:1,(anonymous_4)
FNDA:1,(anonymous_5)
FNDA:1,(anonymous_6)
FNDA:1,(anonymous_7)
FNDA:1,(anonymous_8)
FNDA:1,(anonymous_9)
FNDA:1,(anonymous_10)
DA:2,1
DA:3,1
DA:4,1
DA:8,1
DA:9,1
DA:10,1
DA:19,1
DA:20,1
DA:21,1
DA:23,1
DA:27,1
DA:29,1
DA:34,1
DA:36,1
DA:37,1
DA:38,1
DA:41,1
DA:48,1
DA:49,1
DA:50,1
DA:65,1
DA:66,1
DA:67,1
DA:68,1
DA:69,1
DA:76,1
DA:77,1
DA:78,1
DA:82,1
LF:29
LH:29
BRF:0
BRH:0
end_of_record
TN:
SF:/var/www/html/split/indexPageFunctions.js
FN:4,(anonymous_1)
FN:12,(anonymous_2)
FN:14,(anonymous_3)
FNF:3
FNH:3
FNDA:2,(anonymous_1)
FNDA:1,(anonymous_2)
FNDA:1,(anonymous_3)
DA:4,1
DA:8,2
DA:12,1
DA:13,1
DA:14,1
DA:15,1
DA:19,1
DA:22,1
DA:23,1
LF:9
LH:9
BRF:0
BRH:0
end_of_record
TN:
SF:/var/www/html/spec/recursivePrint/recursivePrinting.spec.js
FN:32,(anonymous_1)
FN:58,(anonymous_2)
FN:72,(anonymous_3)
FN:146,(anonymous_4)
FN:164,(anonymous_5)
FN:238,(anonymous_6)
FN:248,(anonymous_7)
FN:322,(anonymous_8)
FNF:8
FNH:8
FNDA:1,(anonymous_1)
FNDA:1,(anonymous_2)
FNDA:1,(anonymous_3)
FNDA:1,(anonymous_4)
FNDA:1,(anonymous_5)
FNDA:1,(anonymous_6)
FNDA:1,(anonymous_7)
FNDA:1,(anonymous_8)
DA:2,1
DA:3,1
DA:4,1
DA:8,1
DA:9,1
DA:10,1
DA:32,1
DA:33,1
DA:34,1
DA:35,1
DA:36,1
DA:39,1
DA:55,1
DA:58,1
DA:60,1
DA:61,1
DA:72,1
DA:73,1
DA:74,1
DA:75,1
DA:76,1
DA:79,1
DA:110,1
DA:125,1
DA:141,1
DA:142,1
DA:143,1
DA:146,1
DA:148,1
DA:152,1
DA:153,1
DA:154,1
DA:164,1
DA:165,1
DA:166,1
DA:167,1
DA:168,1
DA:171,1
DA:202,1
DA:217,1
DA:233,1
DA:234,1
DA:235,1
DA:238,1
DA:240,1
DA:242,1
DA:248,1
DA:249,1
DA:250,1
DA:251,1
DA:252,1
DA:255,1
DA:286,1
DA:301,1
DA:317,1
DA:318,1
DA:319,1
DA:322,1
DA:324,1
DA:326,1
LF:60
LH:60
BRF:0
BRH:0
end_of_record
TN:
SF:/var/www/html/split/recursivePrintUtils.js
FN:1,(anonymous_1)
FN:53,(anonymous_2)
FNF:2
FNH:2
FNDA:7,(anonymous_1)
FNDA:3,(anonymous_2)
DA:1,1
DA:6,7
DA:7,2
DA:9,5
DA:10,1
DA:11,1
DA:13,4
DA:14,0
DA:21,4
DA:22,4
DA:30,4
DA:31,1
DA:32,1
DA:34,1
DA:36,1
DA:38,1
DA:43,4
DA:44,1
DA:47,3
DA:53,1
DA:54,3
DA:55,3
DA:56,9
DA:57,2
DA:60,1
DA:63,1
DA:64,1
LF:27
LH:26
BRDA:6,1,0,2
BRDA:6,1,1,5
BRDA:9,2,0,1
BRDA:9,2,1,4
BRDA:13,3,0,0
BRDA:13,3,1,4
BRDA:30,4,0,1
BRDA:30,4,1,3
BRDA:36,5,0,1
BRDA:36,5,1,0
BRDA:43,6,0,1
BRDA:43,6,1,3
BRDA:56,7,0,2
BRDA:56,7,1,7
BRF:14
BRH:12
end_of_record
TN:
SF:/var/www/html/spec/staticAnnotate/staticAnnotate.spec.js
FN:15,(anonymous_1)
FN:52,(anonymous_2)
FN:71,(anonymous_3)
FN:74,(anonymous_4)
FN:80,(anonymous_5)
FN:89,(anonymous_6)
FN:100,(anonymous_7)
FN:101,(anonymous_8)
FNF:8
FNH:8
FNDA:1,(anonymous_1)
FNDA:1,(anonymous_2)
FNDA:1,(anonymous_3)
FNDA:1,(anonymous_4)
FNDA:1,(anonymous_5)
FNDA:1,(anonymous_6)
FNDA:1,(anonymous_7)
FNDA:1,(anonymous_8)
DA:1,1
DA:2,1
DA:3,1
DA:5,1
DA:6,1
DA:7,1
DA:15,1
DA:16,1
DA:17,1
DA:18,1
DA:21,1
DA:34,1
DA:49,1
DA:50,1
DA:52,1
DA:54,1
DA:57,1
DA:58,1
DA:59,1
DA:60,1
DA:61,1
DA:62,1
DA:71,1
DA:74,1
DA:76,1
DA:80,1
DA:82,1
DA:89,1
DA:93,1
DA:101,1
DA:102,1
DA:103,1
LF:32
LH:32
BRF:0
BRH:0
end_of_record
TN:
SF:/var/www/html/split/staticAnnotateFunctions.js
FN:1,(anonymous_1)
FN:6,(anonymous_2)
FN:10,(anonymous_3)
FNF:3
FNH:3
FNDA:1,(anonymous_1)
FNDA:1,(anonymous_2)
FNDA:2,(anonymous_3)
DA:1,1
DA:2,1
DA:6,1
DA:8,1
DA:10,1
DA:11,2
DA:18,1
DA:24,1
DA:25,1
LF:9
LH:9
BRF:0
BRH:0
end_of_record
